d:\github\aps\windows\build\obj\x64-release\ash-core\topologygenerator.obj
d:\github\aps\windows\build\obj\x64-release\ash-core\codeword.obj
d:\github\aps\windows\build\obj\x64-release\ash-core\diagnosticenvelope.obj
d:\github\aps\windows\build\obj\x64-release\ash-core\generationplanner.obj
d:\github\aps\windows\build\obj\x64-release\ash-core\diagnostics.obj
d:\github\aps\windows\build\obj\x64-release\ash-core\realmencoder.obj
d:\github\aps\windows\build\obj\x64-release\ash-core\artifactemitter.obj
d:\github\aps\windows\build\obj\x64-release\ash-core\transitionregistry.obj
d:\github\aps\windows\build\obj\x64-release\ash-core\recoveryengine.obj
d:\github\aps\windows\build\obj\x64-release\ash-core\statemodel.obj
d:\github\aps\windows\build\obj\x64-release\ash-core\axiomevaluator.obj
d:\github\aps\windows\build\bin\x64-release\ash-core.pdb
d:\github\aps\windows\build\bin\x64-release\ash-core.lib
d:\github\aps\windows\build\obj\x64-release\ash-core\ash-core.vcxproj.filelistabsolute.txt
d:\github\aps\windows\build\obj\x64-release\ash-core\ash-core.tlog\cl.10932.write.1.tlog
d:\github\aps\windows\build\obj\x64-release\ash-core\ash-core.tlog\cl.command.1.tlog
d:\github\aps\windows\build\obj\x64-release\ash-core\ash-core.tlog\cl.items.tlog
d:\github\aps\windows\build\obj\x64-release\ash-core\ash-core.tlog\cl.read.1.tlog
d:\github\aps\windows\build\obj\x64-release\ash-core\ash-core.tlog\lib-link.write.1.tlog
d:\github\aps\windows\build\obj\x64-release\ash-core\ash-core.tlog\lib.command.1.tlog
d:\github\aps\windows\build\obj\x64-release\ash-core\ash-core.tlog\lib.read.1.tlog
